<?xml version="1.0" encoding="UTF-8"?>
<!-- Generated by org.testng.reporters.JUnitReportReporter -->
<testsuite skipped="0" hostname="NTPC02228" name="FirstTestNGPackage.NewTest" tests="1" failures="0" timestamp="2020-05-18T12:33:37 WAT" time="0.021" errors="0">
  <testcase name="VerifyHomePage" time="0.021" classname="FirstTestNGPackage.NewTest"/>
</testsuite> <!-- FirstTestNGPackage.NewTest -->
