<?xml version="1.0" encoding="UTF-8"?>
<!-- Generated by org.testng.reporters.JUnitReportReporter -->
<testsuite skipped="0" hostname="NTPC02228" name="ITestListener.TestListenerDemo2" tests="3" failures="0" timestamp="2020-05-21T10:54:13 WAT" time="0.010" errors="0">
  <testcase name="test1" time="0.002" classname="ITestListener.TestListenerDemo2"/>
  <testcase name="test2" time="0.004" classname="ITestListener.TestListenerDemo2"/>
  <testcase name="test3" time="0.004" classname="ITestListener.TestListenerDemo2"/>
</testsuite> <!-- ITestListener.TestListenerDemo2 -->
